
Jupyter server is running on: c99-09
Job starts at: Mon Dec 14 12:44:14 EST 2020

Step 1 :

If you are working in NYU campus, please open an iTerm window, run command

ssh -L 61341:localhost:61341 jw6254@prince.hpc.nyu.edu

If you are working off campus, you should already have ssh tunneling setup through HPC bastion host, 
that you can directly login to prince with command

ssh jw6254@prince

Please open an iTerm window, run command

ssh -L 61341:localhost:61341 jw6254@prince

Step 2:

Keep the iTerm windows in the previouse step open. Now open browser, find the line with

The Jupyter Notebook is running at: c99-09

the URL is something: http://localhost:61341/?token=XXXXXXXX (see your token below)

you should be able to connect to jupyter notebook running remotly on prince compute node with above url

[I 12:44:30.458 NotebookApp] Serving notebooks from local directory: /scratch/jw6254/myjupyter
[I 12:44:30.462 NotebookApp] Jupyter Notebook 6.1.4 is running at:
[I 12:44:30.462 NotebookApp] http://localhost:61341/?token=e5d304ea48a34b1155f9a2f31031552c5ed6591b87455b59
[I 12:44:30.462 NotebookApp]  or http://127.0.0.1:61341/?token=e5d304ea48a34b1155f9a2f31031552c5ed6591b87455b59
[I 12:44:30.462 NotebookApp] Use Control-C to stop this server and shut down all kernels (twice to skip confirmation).
[C 12:44:30.494 NotebookApp] 
    
    To access the notebook, open this file in a browser:
        file:///home/jw6254/.local/share/jupyter/runtime/nbserver-336698-open.html
    Or copy and paste one of these URLs:
        http://localhost:61341/?token=e5d304ea48a34b1155f9a2f31031552c5ed6591b87455b59
     or http://127.0.0.1:61341/?token=e5d304ea48a34b1155f9a2f31031552c5ed6591b87455b59
[I 12:46:55.000 NotebookApp] 302 GET /?token=e5d304ea48a34b1155f9a2f31031552c5ed6591b87455b59 (::1) 4.18ms
[I 12:47:09.921 NotebookApp] Kernel started: 98e490ce-4273-403b-ae7a-c41367e1c496, name: python3
[I 12:54:06.464 NotebookApp] Creating new notebook in 
[I 12:54:08.461 NotebookApp] Kernel started: 278bcc33-4faf-400f-8a39-811be4170a63, name: python3
[I 12:56:08.422 NotebookApp] Saving file at /batching_and_network.ipynb
[I 13:08:08.985 NotebookApp] Saving file at /batching_and_network.ipynb
[I 13:10:17.551 NotebookApp] Saving file at /batching_and_network.ipynb
[I 13:12:08.436 NotebookApp] Saving file at /batching_and_network.ipynb
[I 13:13:28.719 NotebookApp] Saving file at /batching_and_network.ipynb
[I 13:40:08.479 NotebookApp] Saving file at /batching_and_network.ipynb
[I 13:42:08.377 NotebookApp] Saving file at /batching_and_network.ipynb
[I 13:46:08.433 NotebookApp] Saving file at /batching_and_network.ipynb
[I 13:48:08.338 NotebookApp] Saving file at /batching_and_network.ipynb
[I 13:54:09.546 NotebookApp] Saving file at /batching_and_network.ipynb
[I 13:56:11.093 NotebookApp] Saving file at /batching_and_network.ipynb
[I 13:58:08.903 NotebookApp] Saving file at /batching_and_network.ipynb
[I 14:06:08.632 NotebookApp] Saving file at /batching_and_network.ipynb
[I 14:08:08.361 NotebookApp] Saving file at /batching_and_network.ipynb
[I 14:10:08.295 NotebookApp] Saving file at /batching_and_network.ipynb
[I 14:12:08.432 NotebookApp] Saving file at /batching_and_network.ipynb
[I 14:12:08.809 NotebookApp] Saving file at /batching_and_network.ipynb
[I 14:14:08.376 NotebookApp] Saving file at /batching_and_network.ipynb
[I 14:16:16.397 NotebookApp] Saving file at /batching_and_network.ipynb
[I 14:44:47.472 NotebookApp] Saving file at /batching_and_network.ipynb
[I 14:44:52.529 NotebookApp] Starting buffering for 98e490ce-4273-403b-ae7a-c41367e1c496:940ab6a16f664c0f8fe90c98a485df5f
[I 14:44:55.236 NotebookApp] Starting buffering for 278bcc33-4faf-400f-8a39-811be4170a63:bc6ca7bc0faf454e915cbecb87548177
slurmstepd: error: *** JOB 14183840 ON c99-09 CANCELLED AT 2020-12-14T14:45:16 ***
